<?xml version="1.0" encoding="UTF-8" ?>
<testsuite tests="2" failures="0" name="javacode.SampleJavaTest" time="0.006" errors="0" skipped="0">
  <properties>
    <property name="JOB_NAME" value="myMavenJob1"/>
    <property name="java.vendor" value="Oracle Corporation"/>
    <property name="RUN_TESTS_DISPLAY_URL" value="http://localhost:8080/job/myMavenJob1/2/display/redirect?page=tests"/>
    <property name="sun.java.launcher" value="SUN_STANDARD"/>
    <property name="sun.management.compiler" value="HotSpot 64-Bit Tiered Compilers"/>
    <property name="JENKINS_HOME" value="/Users/sergei/.jenkins"/>
    <property name="PATH" value="/Library/Java/JavaVirtualMachines/jdk-11.0.10.jdk/Contents/Home/bin:/usr/bin:/bin:/usr/sbin:/sbin"/>
    <property name="HUDSON_SERVER_COOKIE" value="f51ca4a2bba39db3"/>
    <property name="os.name" value="Mac OS X"/>
    <property name="EXECUTOR_NUMBER" value="1"/>
    <property name="java.vm.specification.vendor" value="Oracle Corporation"/>
    <property name="NODE_LABELS" value="master"/>
    <property name="java.runtime.version" value="11.0.10+8-LTS-162"/>
    <property name="user.name" value="sergei"/>
    <property name="guice.disable.misplaced.annotation.check" value="true"/>
    <property name="user.language" value="en"/>
    <property name="JOB_BASE_NAME" value="myMavenJob1"/>
    <property name="RUN_CHANGES_DISPLAY_URL" value="http://localhost:8080/job/myMavenJob1/2/display/redirect?page=changes"/>
    <property name="BUILD_DISPLAY_NAME" value="#2"/>
    <property name="TMPDIR" value="/var/folders/k6/z134c6v57cv8m0c4krpvwr980000gn/T/"/>
    <property name="sun.boot.library.path" value="/Library/Java/JavaVirtualMachines/jdk-11.0.10.jdk/Contents/Home/lib"/>
    <property name="java.vm.compressedOopsMode" value="Zero based"/>
    <property name="java.version" value="11.0.10"/>
    <property name="XPC_FLAGS" value="0x0"/>
    <property name="user.timezone" value="Europe/Dublin"/>
    <property name="sun.arch.data.model" value="64"/>
    <property name="NODE_NAME" value="master"/>
    <property name="http.nonProxyHosts" value="local|*.local|169.254/16|*.169.254/16"/>
    <property name="BUILD_ID" value="2"/>
    <property name="sun.cpu.isalist" value=""/>
    <property name="sun.jnu.encoding" value="UTF-8"/>
    <property name="SHELL" value="/bin/zsh"/>
    <property name="file.separator" value="/"/>
    <property name="java.specification.name" value="Java Platform API Specification"/>
    <property name="maven.conf" value="/Users/sergei/devopssec/apache-maven-3.6.3/conf"/>
    <property name="java.class.version" value="55.0"/>
    <property name="org.slf4j.simpleLogger.defaultLogLevel" value="info"/>
    <property name="user.country" value="IE"/>
    <property name="java.home" value="/Library/Java/JavaVirtualMachines/jdk-11.0.10.jdk/Contents/Home"/>
    <property name="java.vm.info" value="mixed mode"/>
    <property name="os.version" value="10.16"/>
    <property name="RUN_DISPLAY_URL" value="http://localhost:8080/job/myMavenJob1/2/display/redirect"/>
    <property name="sun.font.fontmanager" value="sun.font.CFontManager"/>
    <property name="JAVA_MAIN_CLASS_945" value="Main"/>
    <property name="path.separator" value=":"/>
    <property name="RUN_ARTIFACTS_DISPLAY_URL" value="http://localhost:8080/job/myMavenJob1/2/display/redirect?page=artifacts"/>
    <property name="java.vm.version" value="11.0.10+8-LTS-162"/>
    <property name="JOB_DISPLAY_URL" value="http://localhost:8080/job/myMavenJob1/display/redirect"/>
    <property name="java.awt.printerjob" value="sun.lwawt.macosx.CPrinterJob"/>
    <property name="JAVA_HOME" value="/Library/Java/JavaVirtualMachines/jdk-11.0.10.jdk/Contents/Home"/>
    <property name="sun.io.unicode.encoding" value="UnicodeBig"/>
    <property name="awt.toolkit" value="sun.lwawt.macosx.LWCToolkit"/>
    <property name="LOGNAME" value="sergei"/>
    <property name="socksNonProxyHosts" value="local|*.local|169.254/16|*.169.254/16"/>
    <property name="HOME" value="/Users/sergei"/>
    <property name="ftp.nonProxyHosts" value="local|*.local|169.254/16|*.169.254/16"/>
    <property name="user.home" value="/Users/sergei"/>
    <property name="BUILD_TAG" value="jenkins-myMavenJob1-2"/>
    <property name="JENKINS_SERVER_COOKIE" value="f51ca4a2bba39db3"/>
    <property name="XPC_SERVICE_NAME" value="homebrew.mxcl.jenkins-lts"/>
    <property name="HUDSON_URL" value="http://localhost:8080/"/>
    <property name="java.version.date" value="2021-01-19"/>
    <property name="java.specification.vendor" value="Oracle Corporation"/>
    <property name="CLASSPATH" value=""/>
    <property name="java.library.path" value="/Users/sergei/Library/Java/Extensions:/Library/Java/Extensions:/Network/Library/Java/Extensions:/System/Library/Java/Extensions:/usr/lib/java:."/>
    <property name="java.vendor.url" value="https://openjdk.java.net/"/>
    <property name="java.vm.vendor" value="Oracle Corporation"/>
    <property name="gopherProxySet" value="false"/>
    <property name="java.runtime.name" value="Java(TM) SE Runtime Environment"/>
    <property name="maven.home" value="/Users/sergei/devopssec/apache-maven-3.6.3"/>
    <property name="sun.java.command" value="jenkins.maven3.agent.Maven35Main /Users/sergei/devopssec/apache-maven-3.6.3 /Users/sergei/.jenkins/war/WEB-INF/lib/remoting-4.5.jar /Users/sergei/.jenkins/plugins/maven-plugin/WEB-INF/lib/maven35-interceptor-1.13.jar /Users/sergei/.jenkins/plugins/maven-plugin/WEB-INF/lib/maven3-interceptor-commons-1.13.jar 57613"/>
    <property name="java.class.path" value="/Users/sergei/.jenkins/plugins/maven-plugin/WEB-INF/lib/maven35-agent-1.13.jar:/Users/sergei/devopssec/apache-maven-3.6.3/boot/plexus-classworlds-2.6.0.jar:/Users/sergei/devopssec/apache-maven-3.6.3/conf/logging"/>
    <property name="jdk.debug" value="release"/>
    <property name="java.vm.specification.name" value="Java Virtual Machine Specification"/>
    <property name="PATH+JDK" value="/Library/Java/JavaVirtualMachines/jdk-11.0.10.jdk/Contents/Home/bin"/>
    <property name="java.vm.specification.version" value="11"/>
    <property name="M2_HOME" value="/Users/sergei/devopssec/apache-maven-3.6.3"/>
    <property name="sun.cpu.endian" value="little"/>
    <property name="sun.os.patch.level" value="unknown"/>
    <property name="java.io.tmpdir" value="/var/folders/k6/z134c6v57cv8m0c4krpvwr980000gn/T/"/>
    <property name="HUDSON_HOME" value="/Users/sergei/.jenkins"/>
    <property name="PATH+MAVEN" value="/Users/sergei/devopssec/apache-maven-3.6.3/bin"/>
    <property name="java.vendor.url.bug" value="https://bugreport.java.com/bugreport/"/>
    <property name="BUILD_URL" value="http://localhost:8080/job/myMavenJob1/2/"/>
    <property name="SSH_AUTH_SOCK" value="/private/tmp/com.apple.launchd.RkzvwVqExV/Listeners"/>
    <property name="os.arch" value="x86_64"/>
    <property name="java.awt.graphicsenv" value="sun.awt.CGraphicsEnvironment"/>
    <property name="__CF_USER_TEXT_ENCODING" value="0x1F5:0x0:0x6C"/>
    <property name="user.dir" value="/Users/sergei/devopssec/org.mysimplemaven2.org"/>
    <property name="JOB_URL" value="http://localhost:8080/job/myMavenJob1/"/>
    <property name="MAVEN_HOME" value="/Users/sergei/devopssec/apache-maven-3.6.3"/>
    <property name="line.separator" value="
"/>
    <property name="java.vm.name" value="Java HotSpot(TM) 64-Bit Server VM"/>
    <property name="BUILD_NUMBER" value="2"/>
    <property name="JENKINS_URL" value="http://localhost:8080/"/>
    <property name="file.encoding" value="UTF-8"/>
    <property name="maven3.interceptor" value="/Users/sergei/.jenkins/plugins/maven-plugin/WEB-INF/lib/maven35-interceptor-1.13.jar"/>
    <property name="WORKSPACE_TMP" value="/Users/sergei/.jenkins/workspace/myMavenJob1@tmp"/>
    <property name="WORKSPACE" value="/Users/sergei/.jenkins/workspace/myMavenJob1"/>
    <property name="maven3.interceptor.common" value="/Users/sergei/.jenkins/plugins/maven-plugin/WEB-INF/lib/maven3-interceptor-commons-1.13.jar"/>
    <property name="java.specification.version" value="11"/>
    <property name="java.vendor.version" value="18.9"/>
    <property name="USER" value="sergei"/>
  </properties>
  <testcase classname="javacode.SampleJavaTest" name="multiplyTest" time="0.006"/>
  <testcase classname="javacode.SampleJavaTest" name="subtractTest" time="0"/>
</testsuite>